<?xml version="1.0" encoding="UTF-8"?>
<!-- Generated by org.testng.reporters.JUnitReportReporter -->
<testsuite hostname="DESKTOP-331SN0J" failures="0" tests="1" name="testCases.TC002_LoginTest" time="1.870" errors="0" timestamp="2024-12-16T12:52:23 IST" skipped="0">
  <testcase classname="testCases.TC002_LoginTest" name="verify_LoginPage" time="1.870"/>
</testsuite> <!-- testCases.TC002_LoginTest -->
