<?xml version="1.0" encoding="UTF-8"?>
<!-- Generated by org.testng.reporters.JUnitReportReporter -->
<testsuite hostname="DESKTOP-331SN0J" failures="0" tests="1" name="testCases.TC001_AccountRegistrationPage" time="4.080" errors="0" timestamp="2024-12-16T12:52:23 IST" skipped="0">
  <testcase classname="testCases.TC001_AccountRegistrationPage" name="verify_account_registration" time="4.080"/>
</testsuite> <!-- testCases.TC001_AccountRegistrationPage -->
